<?xml version="1.0" encoding="UTF-8"?>
<testng-results skipped="0" failed="0" ignored="0" total="1" passed="1">
  <reporter-output>
    <line>
      <![CDATA[url:http://192.168.23.135:8090/login]]>
    </line>
    <line>
      <![CDATA[参数：password=123456]]>
    </line>
    <line>
      <![CDATA[参数：username=admin]]>
    </line>
    <line>
      <![CDATA[传入的版本是：1.0]]>
    </line>
    <line>
      <![CDATA[传入的url是：dubbo://192.168.23.135:20880]]>
    </line>
    <line>
      <![CDATA[传入的setInterface是：/cn.testfan.dubbo.service.MarketService]]>
    </line>
    <line>
      <![CDATA[传入的版本是：1.0]]>
    </line>
    <line>
      <![CDATA[传入的url是：dubbo://192.168.23.135:20880]]>
    </line>
    <line>
      <![CDATA[传入的setInterface是：/cn.testfan.dubbo.service.MarketService]]>
    </line>
    <line>
      <![CDATA[传入的版本是：1.0]]>
    </line>
    <line>
      <![CDATA[传入的url是：dubbo://192.168.23.135:20880]]>
    </line>
    <line>
      <![CDATA[传入的setInterface是：/cn.testfan.dubbo.service.MarketService]]>
    </line>
    <line>
      <![CDATA[传入的版本是：1.0]]>
    </line>
    <line>
      <![CDATA[传入的url是：dubbo://192.168.23.135:20880]]>
    </line>
    <line>
      <![CDATA[传入的setInterface是：/cn.testfan.dubbo.service.MarketService]]>
    </line>
    <line>
      <![CDATA[url:http://192.168.23.135:8090/login]]>
    </line>
    <line>
      <![CDATA[参数：password=123456]]>
    </line>
    <line>
      <![CDATA[参数：username=admin]]>
    </line>
  </reporter-output>
  <suite name="Surefire suite" duration-ms="40" started-at="2021-02-13T04:54:36Z" finished-at="2021-02-13T04:54:36Z">
    <groups>
    </groups>
    <test name="Surefire test" duration-ms="40" started-at="2021-02-13T04:54:36Z" finished-at="2021-02-13T04:54:36Z">
      <class name="org.example.AppTest">
        <test-method status="PASS" signature="shouldAnswerWithTrue()" name="shouldAnswerWithTrue" duration-ms="6" started-at="2021-02-13T04:54:36Z" finished-at="2021-02-13T04:54:36Z">
          <reporter-output>
          </reporter-output>
        </test-method> <!-- shouldAnswerWithTrue -->
      </class> <!-- org.example.AppTest -->
    </test> <!-- Surefire test -->
  </suite> <!-- Surefire suite -->
</testng-results>
