<?xml version="1.0" encoding="UTF-8"?>
<!-- Generated by org.testng.reporters.JUnitXMLReporter -->
<testsuite hostname="5CG026B3WF" ignored="4" name="maven_project" tests="1" failures="0" timestamp="16 十二月 2020 13:02:54 GMT" time="0.068" errors="0">
  <testcase name="loginCorrect" time="0.023" classname="com.testfan.testngstudy.LoginTest"/>
  <testcase name="loginUsernameError" time="0.0" classname="com.testfan.testngstudy.LoginTest">
    <ignored/>
  </testcase> <!-- loginUsernameError -->
  <testcase name="addStu" time="0.0" classname="com.testfan.testngstudy.LoginTest">
    <ignored/>
  </testcase> <!-- addStu -->
  <testcase name="loginPwdError" time="0.0" classname="com.testfan.testngstudy.LoginTest">
    <ignored/>
  </testcase> <!-- loginPwdError -->
  <testcase name="add" time="0.0" classname="com.testfan.testngstudy.LoginTest">
    <ignored/>
  </testcase> <!-- add -->
</testsuite> <!-- maven_project -->
