<?xml version="1.0" encoding="UTF-8"?>
<!-- Generated by org.testng.reporters.JUnitXMLReporter -->
<testsuite hostname="DESKTOP-65FRE6B" ignored="0" name="Surefire test" tests="23" failures="5" timestamp="13 二月 2021 04:54:36 GMT" time="50.707" errors="0">
  <testcase name="@BeforeClass init" time="22.662" classname="com.crm.testcase.TestBase">
    <failure type="org.apache.http.conn.HttpHostConnectException" message="Connect to 192.168.23.135:8090 [/192.168.23.135] failed: Connection timed out: connect">
      <![CDATA[org.apache.http.conn.HttpHostConnectException: Connect to 192.168.23.135:8090 [/192.168.23.135] failed: Connection timed out: connect
at org.apache.http.impl.conn.DefaultHttpClientConnectionOperator.connect(DefaultHttpClientConnectionOperator.java:156)
at org.apache.http.impl.conn.PoolingHttpClientConnectionManager.connect(PoolingHttpClientConnectionManager.java:374)
at org.apache.http.impl.execchain.MainClientExec.establishRoute(MainClientExec.java:393)
at org.apache.http.impl.execchain.MainClientExec.execute(MainClientExec.java:236)
at org.apache.http.impl.execchain.ProtocolExec.execute(ProtocolExec.java:185)
at org.apache.http.impl.execchain.RetryExec.execute(RetryExec.java:89)
at org.apache.http.impl.execchain.RedirectExec.execute(RedirectExec.java:110)
at org.apache.http.impl.client.InternalHttpClient.doExecute(InternalHttpClient.java:185)
at org.apache.http.impl.client.CloseableHttpClient.execute(CloseableHttpClient.java:83)
at org.apache.http.impl.client.CloseableHttpClient.execute(CloseableHttpClient.java:108)
at com.testfan.MavenStudy.apistudy.common.MyHttpMethod.PostForm(MyHttpMethod.java:139)
at com.testfan.MavenStudy.apistudy.server.CrmLoginServer.login(CrmLoginServer.java:52)
at com.crm.testcase.TestBase.init(TestBase.java:25)
Caused by: java.net.ConnectException: Connection timed out: connect
at java.net.DualStackPlainSocketImpl.connect0(Native Method)
at java.net.DualStackPlainSocketImpl.socketConnect(DualStackPlainSocketImpl.java:79)
at java.net.AbstractPlainSocketImpl.doConnect(AbstractPlainSocketImpl.java:350)
at java.net.AbstractPlainSocketImpl.connectToAddress(AbstractPlainSocketImpl.java:206)
at java.net.AbstractPlainSocketImpl.connect(AbstractPlainSocketImpl.java:188)
at java.net.PlainSocketImpl.connect(PlainSocketImpl.java:172)
at java.net.SocksSocketImpl.connect(SocksSocketImpl.java:392)
at java.net.Socket.connect(Socket.java:589)
at org.apache.http.conn.socket.PlainConnectionSocketFactory.connectSocket(PlainConnectionSocketFactory.java:75)
at org.apache.http.impl.conn.DefaultHttpClientConnectionOperator.connect(DefaultHttpClientConnectionOperator.java:142)
... 43 more
... Removed 31 stack frames]]>
    </failure>
  </testcase> <!-- @BeforeClass init -->
  <testcase name="@AfterClass afterclass" time="0.0" classname="com.crm.testcase.TestBase">
    <skipped/>
  </testcase> <!-- @AfterClass afterclass -->
  <testcase name="@BeforeClass init" time="0.0" classname="com.crm.testcase.TestBase">
    <skipped/>
  </testcase> <!-- @BeforeClass init -->
  <testcase name="@AfterClass afterclass" time="0.0" classname="com.crm.testcase.TestBase">
    <skipped/>
  </testcase> <!-- @AfterClass afterclass -->
  <testcase name="@BeforeClass init" time="0.0" classname="com.crm.testcase.TestBase">
    <skipped/>
  </testcase> <!-- @BeforeClass init -->
  <testcase name="@AfterClass afterclass" time="0.0" classname="com.crm.testcase.TestBase">
    <skipped/>
  </testcase> <!-- @AfterClass afterclass -->
  <testcase name="@BeforeClass init" time="0.0" classname="com.crm.testcase.TestBase">
    <skipped/>
  </testcase> <!-- @BeforeClass init -->
  <testcase name="@AfterClass afterclass" time="0.0" classname="com.crm.testcase.TestBase">
    <skipped/>
  </testcase> <!-- @AfterClass afterclass -->
  <testcase name="test001_AddContacts" time="0.0" classname="com.crm.testcase.AddContactsTests">
    <skipped/>
  </testcase> <!-- test001_AddContacts -->
  <testcase name="test002_AddContacts" time="0.0" classname="com.crm.testcase.AddContactsTests">
    <skipped/>
  </testcase> <!-- test002_AddContacts -->
  <testcase name="test003_AddContacts" time="0.0" classname="com.crm.testcase.AddContactsTests">
    <skipped/>
  </testcase> <!-- test003_AddContacts -->
  <testcase name="test004_AddContacts" time="0.0" classname="com.crm.testcase.AddContactsTests">
    <skipped/>
  </testcase> <!-- test004_AddContacts -->
  <testcase name="test005_AddContacts" time="0.0" classname="com.crm.testcase.AddContactsTests">
    <skipped/>
  </testcase> <!-- test005_AddContacts -->
  <testcase name="test006_AddContacts" time="0.0" classname="com.crm.testcase.AddContactsTests">
    <skipped/>
  </testcase> <!-- test006_AddContacts -->
  <testcase name="test01_lottery" time="5.61" classname="com.dubbo.dubbotest.lotterytest.DubboTests">
    <failure type="com.alibaba.dubbo.rpc.RpcException" message="Fail to create remoting client for service(dubbo://192.168.23.135:20880/cn.testfan.dubbo.service.MarketService?application=test&amp;amp;codec=dubbo&amp;amp;dubbo=2.0.2&amp;amp;generic=true&amp;amp;heartbeat=60000&amp;amp;interface=/cn.testfan.dubbo.service.MarketService&amp;amp;pid=8304&amp;amp;register.ip=192.168.56.1&amp;amp;side=consumer&amp;amp;timeout=20000&amp;amp;timestamp=1613192049267&amp;amp;version=1.0): client(url: dubbo://192.168.23.135:20880/cn.testfan.dubbo.service.MarketService?application=test&amp;amp;codec=dubbo&amp;amp;dubbo=2.0.2&amp;amp;generic=true&amp;amp;heartbeat=60000&amp;amp;interface=/cn.testfan.dubbo.service.MarketService&amp;amp;pid=8304&amp;amp;register.ip=192.168.56.1&amp;amp;side=consumer&amp;amp;timeout=20000&amp;amp;timestamp=1613192049267&amp;amp;version=1.0) failed to connect to server /192.168.23.135:20880 client-side timeout 3000ms (elapsed: 4707ms) from netty client 192.168.56.1 using dubbo version 2.6.9">
      <![CDATA[com.alibaba.dubbo.rpc.RpcException: Fail to create remoting client for service(dubbo://192.168.23.135:20880/cn.testfan.dubbo.service.MarketService?application=test&codec=dubbo&dubbo=2.0.2&generic=true&heartbeat=60000&interface=/cn.testfan.dubbo.service.MarketService&pid=8304&register.ip=192.168.56.1&side=consumer&timeout=20000&timestamp=1613192049267&version=1.0): client(url: dubbo://192.168.23.135:20880/cn.testfan.dubbo.service.MarketService?application=test&codec=dubbo&dubbo=2.0.2&generic=true&heartbeat=60000&interface=/cn.testfan.dubbo.service.MarketService&pid=8304&register.ip=192.168.56.1&side=consumer&timeout=20000&timestamp=1613192049267&version=1.0) failed to connect to server /192.168.23.135:20880 client-side timeout 3000ms (elapsed: 4707ms) from netty client 192.168.56.1 using dubbo version 2.6.9
at com.alibaba.dubbo.rpc.protocol.dubbo.DubboProtocol.initClient(DubboProtocol.java:420)
at com.alibaba.dubbo.rpc.protocol.dubbo.DubboProtocol.getSharedClient(DubboProtocol.java:384)
at com.alibaba.dubbo.rpc.protocol.dubbo.DubboProtocol.getClients(DubboProtocol.java:355)
at com.alibaba.dubbo.rpc.protocol.dubbo.DubboProtocol.refer(DubboProtocol.java:337)
at com.alibaba.dubbo.qos.protocol.QosProtocolWrapper.refer(QosProtocolWrapper.java:71)
at com.alibaba.dubbo.rpc.protocol.ProtocolListenerWrapper.refer(ProtocolListenerWrapper.java:67)
at com.alibaba.dubbo.rpc.protocol.ProtocolFilterWrapper.refer(ProtocolFilterWrapper.java:108)
at com.alibaba.dubbo.rpc.Protocol$Adaptive.refer(Protocol$Adaptive.java)
at com.alibaba.dubbo.config.ReferenceConfig.createProxy(ReferenceConfig.java:396)
at com.alibaba.dubbo.config.ReferenceConfig.init(ReferenceConfig.java:335)
at com.alibaba.dubbo.config.ReferenceConfig.get(ReferenceConfig.java:164)
at com.alibaba.dubbo.config.utils.ReferenceConfigCache.get(ReferenceConfigCache.java:115)
at com.testfan.MavenStudy.apistudy.dubbostudy.Serviceinit.getService(Serviceinit.java:36)
at com.dubbo.dubbotest.lotterytest.DubboTests.test01_lottery(DubboTests.java:20)
Caused by: com.alibaba.dubbo.remoting.RemotingException: client(url: dubbo://192.168.23.135:20880/cn.testfan.dubbo.service.MarketService?application=test&codec=dubbo&dubbo=2.0.2&generic=true&heartbeat=60000&interface=/cn.testfan.dubbo.service.MarketService&pid=8304&register.ip=192.168.56.1&side=consumer&timeout=20000&timestamp=1613192049267&version=1.0) failed to connect to server /192.168.23.135:20880 client-side timeout 3000ms (elapsed: 4707ms) from netty client 192.168.56.1 using dubbo version 2.6.9
at com.alibaba.dubbo.remoting.transport.netty4.NettyClient.doConnect(NettyClient.java:132)
at com.alibaba.dubbo.remoting.transport.AbstractClient.connect(AbstractClient.java:282)
at com.alibaba.dubbo.remoting.transport.AbstractClient.<init>(AbstractClient.java:92)
at com.alibaba.dubbo.remoting.transport.netty4.NettyClient.<init>(NettyClient.java:55)
at com.alibaba.dubbo.remoting.transport.netty4.NettyTransporter.connect(NettyTransporter.java:37)
at com.alibaba.dubbo.remoting.Transporter$Adaptive.connect(Transporter$Adaptive.java)
at com.alibaba.dubbo.remoting.Transporters.connect(Transporters.java:75)
at com.alibaba.dubbo.remoting.exchange.support.header.HeaderExchanger.connect(HeaderExchanger.java:39)
at com.alibaba.dubbo.remoting.exchange.Exchangers.connect(Exchangers.java:109)
at com.alibaba.dubbo.rpc.protocol.dubbo.DubboProtocol.initClient(DubboProtocol.java:417)
... 43 more
... Removed 30 stack frames]]>
    </failure>
  </testcase> <!-- test01_lottery -->
  <testcase name="test02_lottery" time="0.005" classname="com.dubbo.dubbotest.lotterytest.DubboTests">
    <failure type="java.lang.NullPointerException">
      <![CDATA[java.lang.NullPointerException
at com.dubbo.dubbotest.lotterytest.DubboTests.test02_lottery(DubboTests.java:37)
... Removed 30 stack frames]]>
    </failure>
  </testcase> <!-- test02_lottery -->
  <testcase name="test03_lottery" time="0.007" classname="com.dubbo.dubbotest.lotterytest.DubboTests">
    <failure type="java.lang.NullPointerException">
      <![CDATA[java.lang.NullPointerException
at com.dubbo.dubbotest.lotterytest.DubboTests.test03_lottery(DubboTests.java:47)
... Removed 30 stack frames]]>
    </failure>
  </testcase> <!-- test03_lottery -->
  <testcase name="test04_lottery" time="0.006" classname="com.dubbo.dubbotest.lotterytest.DubboTests">
    <failure type="java.lang.NullPointerException">
      <![CDATA[java.lang.NullPointerException
at com.dubbo.dubbotest.lotterytest.DubboTests.test04_lottery(DubboTests.java:57)
... Removed 30 stack frames]]>
    </failure>
  </testcase> <!-- test04_lottery -->
  <testcase name="test001_AddCustomer" time="0.0" classname="com.crm.testcase.AddCustomerTests">
    <skipped/>
  </testcase> <!-- test001_AddCustomer -->
  <testcase name="test002_AddCustomer" time="0.0" classname="com.crm.testcase.AddCustomerTests">
    <skipped/>
  </testcase> <!-- test002_AddCustomer -->
  <testcase name="test003_AddCustomer" time="0.0" classname="com.crm.testcase.AddCustomerTests">
    <skipped/>
  </testcase> <!-- test003_AddCustomer -->
  <testcase name="test004_AddCustomer" time="0.0" classname="com.crm.testcase.AddCustomerTests">
    <skipped/>
  </testcase> <!-- test004_AddCustomer -->
  <testcase name="Test" time="0.0" classname="com.crm.testcase.DataDriverTests">
    <skipped/>
  </testcase> <!-- Test -->
  <testcase name="Test" time="0.0" classname="com.crm.testcase.DataDriverTests">
    <skipped/>
  </testcase> <!-- Test -->
  <testcase name="Test" time="0.0" classname="com.crm.testcase.DataDriverTests">
    <skipped/>
  </testcase> <!-- Test -->
  <testcase name="Test" time="0.0" classname="com.crm.testcase.DataDriverTests">
    <skipped/>
  </testcase> <!-- Test -->
  <testcase name="test001_deleCustomer" time="0.0" classname="com.crm.testcase.DeleteCustomerTests">
    <skipped/>
  </testcase> <!-- test001_deleCustomer -->
  <testcase name="test002_deleCustomer" time="0.0" classname="com.crm.testcase.DeleteCustomerTests">
    <skipped/>
  </testcase> <!-- test002_deleCustomer -->
  <testcase name="test003_deleCustomer" time="0.0" classname="com.crm.testcase.DeleteCustomerTests">
    <skipped/>
  </testcase> <!-- test003_deleCustomer -->
  <testcase name="test004_deleCustomer" time="0.0" classname="com.crm.testcase.DeleteCustomerTests">
    <skipped/>
  </testcase> <!-- test004_deleCustomer -->
  <testcase name="test001_login" time="21.031" classname="com.crm.testcase.LoginTests">
    <failure type="org.apache.http.conn.HttpHostConnectException" message="Connect to 192.168.23.135:8090 [/192.168.23.135] failed: Connection timed out: connect">
      <![CDATA[org.apache.http.conn.HttpHostConnectException: Connect to 192.168.23.135:8090 [/192.168.23.135] failed: Connection timed out: connect
at org.apache.http.impl.conn.DefaultHttpClientConnectionOperator.connect(DefaultHttpClientConnectionOperator.java:156)
at org.apache.http.impl.conn.PoolingHttpClientConnectionManager.connect(PoolingHttpClientConnectionManager.java:374)
at org.apache.http.impl.execchain.MainClientExec.establishRoute(MainClientExec.java:393)
at org.apache.http.impl.execchain.MainClientExec.execute(MainClientExec.java:236)
at org.apache.http.impl.execchain.ProtocolExec.execute(ProtocolExec.java:185)
at org.apache.http.impl.execchain.RetryExec.execute(RetryExec.java:89)
at org.apache.http.impl.execchain.RedirectExec.execute(RedirectExec.java:110)
at org.apache.http.impl.client.InternalHttpClient.doExecute(InternalHttpClient.java:185)
at org.apache.http.impl.client.CloseableHttpClient.execute(CloseableHttpClient.java:83)
at org.apache.http.impl.client.CloseableHttpClient.execute(CloseableHttpClient.java:108)
at com.testfan.MavenStudy.apistudy.common.MyHttpMethod.PostForm(MyHttpMethod.java:139)
at com.testfan.MavenStudy.apistudy.server.CrmLoginServer.login(CrmLoginServer.java:52)
at com.crm.testcase.LoginTests.test001_login(LoginTests.java:20)
Caused by: java.net.ConnectException: Connection timed out: connect
at java.net.DualStackPlainSocketImpl.connect0(Native Method)
at java.net.DualStackPlainSocketImpl.socketConnect(DualStackPlainSocketImpl.java:79)
at java.net.AbstractPlainSocketImpl.doConnect(AbstractPlainSocketImpl.java:350)
at java.net.AbstractPlainSocketImpl.connectToAddress(AbstractPlainSocketImpl.java:206)
at java.net.AbstractPlainSocketImpl.connect(AbstractPlainSocketImpl.java:188)
at java.net.PlainSocketImpl.connect(PlainSocketImpl.java:172)
at java.net.SocksSocketImpl.connect(SocksSocketImpl.java:392)
at java.net.Socket.connect(Socket.java:589)
at org.apache.http.conn.socket.PlainConnectionSocketFactory.connectSocket(PlainConnectionSocketFactory.java:75)
at org.apache.http.impl.conn.DefaultHttpClientConnectionOperator.connect(DefaultHttpClientConnectionOperator.java:142)
... 42 more
... Removed 30 stack frames]]>
    </failure>
  </testcase> <!-- test001_login -->
</testsuite> <!-- Surefire test -->
