<?xml version="1.0" encoding="UTF-8"?>
<testsuite xmlns:xsi="http://www.w3.org/2001/XMLSchema-instance" xsi:noNamespaceSchemaLocation="https://maven.apache.org/surefire/maven-surefire-plugin/xsd/surefire-test-report.xsd" name="TestSuite" time="52.517" tests="32" errors="0" skipped="25" failures="6">
  <properties>
[...]
</properties>
  <testcase name="init" classname="com.crm.testcase.AddContactsTests" time="24.087">
    <failure message="Connect to 192.168.23.135:8090 [/192.168.23.135] failed: Connection timed out: connect" type="org.apache.http.conn.HttpHostConnectException">org.apache.http.conn.HttpHostConnectException: Connect to 192.168.23.135:8090 [/192.168.23.135] failed: Connection timed out: connect
Caused by: java.net.ConnectException: Connection timed out: connect
</failure>
    <system-err><![CDATA[SLF4J: Class path contains multiple SLF4J bindings.
SLF4J: Found binding in [jar:file:/D:/software/repository/org/slf4j/slf4j-nop/1.7.2/slf4j-nop-1.7.2.jar!/org/slf4j/impl/StaticLoggerBinder.class]
SLF4J: Found binding in [jar:file:/D:/software/repository/org/slf4j/slf4j-log4j12/1.7.25/slf4j-log4j12-1.7.25.jar!/org/slf4j/impl/StaticLoggerBinder.class]
SLF4J: See http://www.slf4j.org/codes.html#multiple_bindings for an explanation.
SLF4J: Actual binding is of type [org.slf4j.helpers.NOPLoggerFactory]
二月 13, 2021 12:53:47 下午 com.testfan.MavenStudy.apistudy.common.MyHttpMethod PostForm
信息: url:http://192.168.23.135:8090/login
二月 13, 2021 12:53:47 下午 com.testfan.MavenStudy.apistudy.common.MyHttpMethod PostForm
信息: 参数：password=123456
二月 13, 2021 12:53:47 下午 com.testfan.MavenStudy.apistudy.common.MyHttpMethod PostForm
信息: 参数：username=admin
]]></system-err>
  </testcase>
  <testcase name="test001_AddContacts" classname="com.crm.testcase.AddContactsTests" time="0">
    <skipped message="Connect to 192.168.23.135:8090 [/192.168.23.135] failed: Connection timed out: connect"/>
  </testcase>
  <testcase name="test002_AddContacts" classname="com.crm.testcase.AddContactsTests" time="0">
    <skipped message="Connect to 192.168.23.135:8090 [/192.168.23.135] failed: Connection timed out: connect"/>
  </testcase>
  <testcase name="test003_AddContacts" classname="com.crm.testcase.AddContactsTests" time="0">
    <skipped message="Connect to 192.168.23.135:8090 [/192.168.23.135] failed: Connection timed out: connect"/>
  </testcase>
  <testcase name="test004_AddContacts" classname="com.crm.testcase.AddContactsTests" time="0">
    <skipped message="Connect to 192.168.23.135:8090 [/192.168.23.135] failed: Connection timed out: connect"/>
  </testcase>
  <testcase name="test005_AddContacts" classname="com.crm.testcase.AddContactsTests" time="0">
    <skipped message="Connect to 192.168.23.135:8090 [/192.168.23.135] failed: Connection timed out: connect"/>
  </testcase>
  <testcase name="test006_AddContacts" classname="com.crm.testcase.AddContactsTests" time="0">
    <skipped message="Connect to 192.168.23.135:8090 [/192.168.23.135] failed: Connection timed out: connect"/>
  </testcase>
  <testcase name="afterclass" classname="com.crm.testcase.AddContactsTests" time="0">
    <skipped/>
  </testcase>
  <testcase name="test01_lottery" classname="com.dubbo.dubbotest.lotterytest.DubboTests" time="5.613">
    <failure message="Fail to create remoting client for service(dubbo://192.168.23.135:20880/cn.testfan.dubbo.service.MarketService?application=test&amp;codec=dubbo&amp;dubbo=2.0.2&amp;generic=true&amp;heartbeat=60000&amp;interface=/cn.testfan.dubbo.service.MarketService&amp;pid=8304&amp;register.ip=192.168.56.1&amp;side=consumer&amp;timeout=20000&amp;timestamp=1613192049267&amp;version=1.0): client(url: dubbo://192.168.23.135:20880/cn.testfan.dubbo.service.MarketService?application=test&amp;codec=dubbo&amp;dubbo=2.0.2&amp;generic=true&amp;heartbeat=60000&amp;interface=/cn.testfan.dubbo.service.MarketService&amp;pid=8304&amp;register.ip=192.168.56.1&amp;side=consumer&amp;timeout=20000&amp;timestamp=1613192049267&amp;version=1.0) failed to connect to server /192.168.23.135:20880 client-side timeout 3000ms (elapsed: 4707ms) from netty client 192.168.56.1 using dubbo version 2.6.9" type="com.alibaba.dubbo.rpc.RpcException"><![CDATA[com.alibaba.dubbo.rpc.RpcException: Fail to create remoting client for service(dubbo://192.168.23.135:20880/cn.testfan.dubbo.service.MarketService?application=test&codec=dubbo&dubbo=2.0.2&generic=true&heartbeat=60000&interface=/cn.testfan.dubbo.service.MarketService&pid=8304&register.ip=192.168.56.1&side=consumer&timeout=20000&timestamp=1613192049267&version=1.0): client(url: dubbo://192.168.23.135:20880/cn.testfan.dubbo.service.MarketService?application=test&codec=dubbo&dubbo=2.0.2&generic=true&heartbeat=60000&interface=/cn.testfan.dubbo.service.MarketService&pid=8304&register.ip=192.168.56.1&side=consumer&timeout=20000&timestamp=1613192049267&version=1.0) failed to connect to server /192.168.23.135:20880 client-side timeout 3000ms (elapsed: 4707ms) from netty client 192.168.56.1 using dubbo version 2.6.9
	at com.dubbo.dubbotest.lotterytest.DubboTests.test01_lottery(DubboTests.java:20)
Caused by: com.alibaba.dubbo.remoting.RemotingException: client(url: dubbo://192.168.23.135:20880/cn.testfan.dubbo.service.MarketService?application=test&codec=dubbo&dubbo=2.0.2&generic=true&heartbeat=60000&interface=/cn.testfan.dubbo.service.MarketService&pid=8304&register.ip=192.168.56.1&side=consumer&timeout=20000&timestamp=1613192049267&version=1.0) failed to connect to server /192.168.23.135:20880 client-side timeout 3000ms (elapsed: 4707ms) from netty client 192.168.56.1 using dubbo version 2.6.9
	at com.dubbo.dubbotest.lotterytest.DubboTests.test01_lottery(DubboTests.java:20)
]]></failure>
    <system-out><![CDATA[[crazyapi] 2021/02/13 12:54:8   INFO main com.alibaba.dubbo.common.logger.LoggerFactory:? - using logger: com.alibaba.dubbo.common.logger.log4j.Log4jLoggerAdapter 
[crazyapi] 2021/02/13 12:54:8  DEBUG main com.alibaba.dubbo.common.extension.ExtensionLoader:942 -  [DUBBO] package com.alibaba.dubbo.rpc;
import com.alibaba.dubbo.common.extension.ExtensionLoader;
public class Protocol$Adaptive implements com.alibaba.dubbo.rpc.Protocol {
public void destroy() {throw new UnsupportedOperationException("method public abstract void com.alibaba.dubbo.rpc.Protocol.destroy() of interface com.alibaba.dubbo.rpc.Protocol is not adaptive method!");
}
public int getDefaultPort() {throw new UnsupportedOperationException("method public abstract int com.alibaba.dubbo.rpc.Protocol.getDefaultPort() of interface com.alibaba.dubbo.rpc.Protocol is not adaptive method!");
}
public com.alibaba.dubbo.rpc.Exporter export(com.alibaba.dubbo.rpc.Invoker arg0) throws com.alibaba.dubbo.rpc.RpcException {
if (arg0 == null) throw new IllegalArgumentException("com.alibaba.dubbo.rpc.Invoker argument == null");
if (arg0.getUrl() == null) throw new IllegalArgumentException("com.alibaba.dubbo.rpc.Invoker argument getUrl() == null");com.alibaba.dubbo.common.URL url = arg0.getUrl();
String extName = ( url.getProtocol() == null ? "dubbo" : url.getProtocol() );
if(extName == null) throw new IllegalStateException("Fail to get extension(com.alibaba.dubbo.rpc.Protocol) name from url(" + url.toString() + ") use keys([protocol])");
com.alibaba.dubbo.rpc.Protocol extension = (com.alibaba.dubbo.rpc.Protocol)ExtensionLoader.getExtensionLoader(com.alibaba.dubbo.rpc.Protocol.class).getExtension(extName);
return extension.export(arg0);
}
public com.alibaba.dubbo.rpc.Invoker refer(java.lang.Class arg0, com.alibaba.dubbo.common.URL arg1) throws com.alibaba.dubbo.rpc.RpcException {
if (arg1 == null) throw new IllegalArgumentException("url == null");
com.alibaba.dubbo.common.URL url = arg1;
String extName = ( url.getProtocol() == null ? "dubbo" : url.getProtocol() );
if(extName == null) throw new IllegalStateException("Fail to get extension(com.alibaba.dubbo.rpc.Protocol) name from url(" + url.toString() + ") use keys([protocol])");
com.alibaba.dubbo.rpc.Protocol extension = (com.alibaba.dubbo.rpc.Protocol)ExtensionLoader.getExtensionLoader(com.alibaba.dubbo.rpc.Protocol.class).getExtension(extName);
return extension.refer(arg0, arg1);
}
}, dubbo version: 2.6.9, current host: 192.168.56.1 
[crazyapi] 2021/02/13 12:54:8   WARN main com.alibaba.dubbo.config.spring.extension.SpringExtensionFactory:75 -  [DUBBO] No spring extension (bean) named:defaultCompiler, try to find an extension (bean) of type java.lang.String, dubbo version: 2.6.9, current host: 192.168.56.1 
[crazyapi] 2021/02/13 12:54:8   WARN main com.alibaba.dubbo.config.spring.extension.SpringExtensionFactory:93 -  [DUBBO] No spring extension (bean) named:defaultCompiler, type:java.lang.String found, stop get bean., dubbo version: 2.6.9, current host: 192.168.56.1 
[crazyapi] 2021/02/13 12:54:9  DEBUG main com.alibaba.dubbo.common.extension.ExtensionLoader:942 -  [DUBBO] package com.alibaba.dubbo.rpc.cluster;
import com.alibaba.dubbo.common.extension.ExtensionLoader;
public class Cluster$Adaptive implements com.alibaba.dubbo.rpc.cluster.Cluster {
public com.alibaba.dubbo.rpc.Invoker join(com.alibaba.dubbo.rpc.cluster.Directory arg0) throws com.alibaba.dubbo.rpc.RpcException {
if (arg0 == null) throw new IllegalArgumentException("com.alibaba.dubbo.rpc.cluster.Directory argument == null");
if (arg0.getUrl() == null) throw new IllegalArgumentException("com.alibaba.dubbo.rpc.cluster.Directory argument getUrl() == null");com.alibaba.dubbo.common.URL url = arg0.getUrl();
String extName = url.getParameter("cluster", "failover");
if(extName == null) throw new IllegalStateException("Fail to get extension(com.alibaba.dubbo.rpc.cluster.Cluster) name from url(" + url.toString() + ") use keys([cluster])");
com.alibaba.dubbo.rpc.cluster.Cluster extension = (com.alibaba.dubbo.rpc.cluster.Cluster)ExtensionLoader.getExtensionLoader(com.alibaba.dubbo.rpc.cluster.Cluster.class).getExtension(extName);
return extension.join(arg0);
}
}, dubbo version: 2.6.9, current host: 192.168.56.1 
[crazyapi] 2021/02/13 12:54:9  DEBUG main com.alibaba.dubbo.common.extension.ExtensionLoader:942 -  [DUBBO] package com.alibaba.dubbo.rpc;
import com.alibaba.dubbo.common.extension.ExtensionLoader;
public class ProxyFactory$Adaptive implements com.alibaba.dubbo.rpc.ProxyFactory {
public java.lang.Object getProxy(com.alibaba.dubbo.rpc.Invoker arg0) throws com.alibaba.dubbo.rpc.RpcException {
if (arg0 == null) throw new IllegalArgumentException("com.alibaba.dubbo.rpc.Invoker argument == null");
if (arg0.getUrl() == null) throw new IllegalArgumentException("com.alibaba.dubbo.rpc.Invoker argument getUrl() == null");com.alibaba.dubbo.common.URL url = arg0.getUrl();
String extName = url.getParameter("proxy", "javassist");
if(extName == null) throw new IllegalStateException("Fail to get extension(com.alibaba.dubbo.rpc.ProxyFactory) name from url(" + url.toString() + ") use keys([proxy])");
com.alibaba.dubbo.rpc.ProxyFactory extension = (com.alibaba.dubbo.rpc.ProxyFactory)ExtensionLoader.getExtensionLoader(com.alibaba.dubbo.rpc.ProxyFactory.class).getExtension(extName);
return extension.getProxy(arg0);
}
public java.lang.Object getProxy(com.alibaba.dubbo.rpc.Invoker arg0, boolean arg1) throws com.alibaba.dubbo.rpc.RpcException {
if (arg0 == null) throw new IllegalArgumentException("com.alibaba.dubbo.rpc.Invoker argument == null");
if (arg0.getUrl() == null) throw new IllegalArgumentException("com.alibaba.dubbo.rpc.Invoker argument getUrl() == null");com.alibaba.dubbo.common.URL url = arg0.getUrl();
String extName = url.getParameter("proxy", "javassist");
if(extName == null) throw new IllegalStateException("Fail to get extension(com.alibaba.dubbo.rpc.ProxyFactory) name from url(" + url.toString() + ") use keys([proxy])");
com.alibaba.dubbo.rpc.ProxyFactory extension = (com.alibaba.dubbo.rpc.ProxyFactory)ExtensionLoader.getExtensionLoader(com.alibaba.dubbo.rpc.ProxyFactory.class).getExtension(extName);
return extension.getProxy(arg0, arg1);
}
public com.alibaba.dubbo.rpc.Invoker getInvoker(java.lang.Object arg0, java.lang.Class arg1, com.alibaba.dubbo.common.URL arg2) throws com.alibaba.dubbo.rpc.RpcException {
if (arg2 == null) throw new IllegalArgumentException("url == null");
com.alibaba.dubbo.common.URL url = arg2;
String extName = url.getParameter("proxy", "javassist");
if(extName == null) throw new IllegalStateException("Fail to get extension(com.alibaba.dubbo.rpc.ProxyFactory) name from url(" + url.toString() + ") use keys([proxy])");
com.alibaba.dubbo.rpc.ProxyFactory extension = (com.alibaba.dubbo.rpc.ProxyFactory)ExtensionLoader.getExtensionLoader(com.alibaba.dubbo.rpc.ProxyFactory.class).getExtension(extName);
return extension.getInvoker(arg0, arg1, arg2);
}
}, dubbo version: 2.6.9, current host: 192.168.56.1 
[crazyapi] 2021/02/13 12:54:9  DEBUG main com.alibaba.dubbo.common.extension.ExtensionLoader:942 -  [DUBBO] package com.alibaba.dubbo.remoting;
import com.alibaba.dubbo.common.extension.ExtensionLoader;
public class Transporter$Adaptive implements com.alibaba.dubbo.remoting.Transporter {
public com.alibaba.dubbo.remoting.Client connect(com.alibaba.dubbo.common.URL arg0, com.alibaba.dubbo.remoting.ChannelHandler arg1) throws com.alibaba.dubbo.remoting.RemotingException {
if (arg0 == null) throw new IllegalArgumentException("url == null");
com.alibaba.dubbo.common.URL url = arg0;
String extName = url.getParameter("client", url.getParameter("transporter", "netty"));
if(extName == null) throw new IllegalStateException("Fail to get extension(com.alibaba.dubbo.remoting.Transporter) name from url(" + url.toString() + ") use keys([client, transporter])");
com.alibaba.dubbo.remoting.Transporter extension = (com.alibaba.dubbo.remoting.Transporter)ExtensionLoader.getExtensionLoader(com.alibaba.dubbo.remoting.Transporter.class).getExtension(extName);
return extension.connect(arg0, arg1);
}
public com.alibaba.dubbo.remoting.Server bind(com.alibaba.dubbo.common.URL arg0, com.alibaba.dubbo.remoting.ChannelHandler arg1) throws com.alibaba.dubbo.remoting.RemotingException {
if (arg0 == null) throw new IllegalArgumentException("url == null");
com.alibaba.dubbo.common.URL url = arg0;
String extName = url.getParameter("server", url.getParameter("transporter", "netty"));
if(extName == null) throw new IllegalStateException("Fail to get extension(com.alibaba.dubbo.remoting.Transporter) name from url(" + url.toString() + ") use keys([server, transporter])");
com.alibaba.dubbo.remoting.Transporter extension = (com.alibaba.dubbo.remoting.Transporter)ExtensionLoader.getExtensionLoader(com.alibaba.dubbo.remoting.Transporter.class).getExtension(extName);
return extension.bind(arg0, arg1);
}
}, dubbo version: 2.6.9, current host: 192.168.56.1 
[crazyapi] 2021/02/13 12:54:9  DEBUG main com.alibaba.dubbo.common.extension.ExtensionLoader:942 -  [DUBBO] package com.alibaba.dubbo.remoting;
import com.alibaba.dubbo.common.extension.ExtensionLoader;
public class Dispatcher$Adaptive implements com.alibaba.dubbo.remoting.Dispatcher {
public com.alibaba.dubbo.remoting.ChannelHandler dispatch(com.alibaba.dubbo.remoting.ChannelHandler arg0, com.alibaba.dubbo.common.URL arg1) {
if (arg1 == null) throw new IllegalArgumentException("url == null");
com.alibaba.dubbo.common.URL url = arg1;
String extName = url.getParameter("dispatcher", url.getParameter("dispather", url.getParameter("channel.handler", "all")));
if(extName == null) throw new IllegalStateException("Fail to get extension(com.alibaba.dubbo.remoting.Dispatcher) name from url(" + url.toString() + ") use keys([dispatcher, dispather, channel.handler])");
com.alibaba.dubbo.remoting.Dispatcher extension = (com.alibaba.dubbo.remoting.Dispatcher)ExtensionLoader.getExtensionLoader(com.alibaba.dubbo.remoting.Dispatcher.class).getExtension(extName);
return extension.dispatch(arg0, arg1);
}
}, dubbo version: 2.6.9, current host: 192.168.56.1 
[crazyapi] 2021/02/13 12:54:9  DEBUG main com.alibaba.dubbo.common.extension.ExtensionLoader:942 -  [DUBBO] package com.alibaba.dubbo.common.threadpool;
import com.alibaba.dubbo.common.extension.ExtensionLoader;
public class ThreadPool$Adaptive implements com.alibaba.dubbo.common.threadpool.ThreadPool {
public java.util.concurrent.Executor getExecutor(com.alibaba.dubbo.common.URL arg0) {
if (arg0 == null) throw new IllegalArgumentException("url == null");
com.alibaba.dubbo.common.URL url = arg0;
String extName = url.getParameter("threadpool", "fixed");
if(extName == null) throw new IllegalStateException("Fail to get extension(com.alibaba.dubbo.common.threadpool.ThreadPool) name from url(" + url.toString() + ") use keys([threadpool])");
com.alibaba.dubbo.common.threadpool.ThreadPool extension = (com.alibaba.dubbo.common.threadpool.ThreadPool)ExtensionLoader.getExtensionLoader(com.alibaba.dubbo.common.threadpool.ThreadPool.class).getExtension(extName);
return extension.getExecutor(arg0);
}
}, dubbo version: 2.6.9, current host: 192.168.56.1 
]]></system-out>
    <system-err><![CDATA[二月 13, 2021 12:54:09 下午 com.testfan.MavenStudy.apistudy.dubbostudy.Serviceinit getService
信息: 传入的版本是：1.0
二月 13, 2021 12:54:09 下午 com.testfan.MavenStudy.apistudy.dubbostudy.Serviceinit getService
信息: 传入的url是：dubbo://192.168.23.135:20880
二月 13, 2021 12:54:09 下午 com.testfan.MavenStudy.apistudy.dubbostudy.Serviceinit getService
信息: 传入的setInterface是：/cn.testfan.dubbo.service.MarketService
]]></system-err>
  </testcase>
  <testcase name="test02_lottery" classname="com.dubbo.dubbotest.lotterytest.DubboTests" time="0.006">
    <failure type="java.lang.NullPointerException">java.lang.NullPointerException
	at com.dubbo.dubbotest.lotterytest.DubboTests.test02_lottery(DubboTests.java:37)
</failure>
    <system-err><![CDATA[二月 13, 2021 12:54:14 下午 com.testfan.MavenStudy.apistudy.dubbostudy.Serviceinit getService
信息: 传入的版本是：1.0
二月 13, 2021 12:54:14 下午 com.testfan.MavenStudy.apistudy.dubbostudy.Serviceinit getService
信息: 传入的url是：dubbo://192.168.23.135:20880
二月 13, 2021 12:54:14 下午 com.testfan.MavenStudy.apistudy.dubbostudy.Serviceinit getService
信息: 传入的setInterface是：/cn.testfan.dubbo.service.MarketService
]]></system-err>
  </testcase>
  <testcase name="test03_lottery" classname="com.dubbo.dubbotest.lotterytest.DubboTests" time="0.009">
    <failure type="java.lang.NullPointerException">java.lang.NullPointerException
	at com.dubbo.dubbotest.lotterytest.DubboTests.test03_lottery(DubboTests.java:47)
</failure>
    <system-err><![CDATA[二月 13, 2021 12:54:14 下午 com.testfan.MavenStudy.apistudy.dubbostudy.Serviceinit getService
信息: 传入的版本是：1.0
二月 13, 2021 12:54:14 下午 com.testfan.MavenStudy.apistudy.dubbostudy.Serviceinit getService
信息: 传入的url是：dubbo://192.168.23.135:20880
二月 13, 2021 12:54:14 下午 com.testfan.MavenStudy.apistudy.dubbostudy.Serviceinit getService
信息: 传入的setInterface是：/cn.testfan.dubbo.service.MarketService
]]></system-err>
  </testcase>
  <testcase name="test04_lottery" classname="com.dubbo.dubbotest.lotterytest.DubboTests" time="0.006">
    <failure type="java.lang.NullPointerException">java.lang.NullPointerException
	at com.dubbo.dubbotest.lotterytest.DubboTests.test04_lottery(DubboTests.java:57)
</failure>
    <system-err><![CDATA[二月 13, 2021 12:54:14 下午 com.testfan.MavenStudy.apistudy.dubbostudy.Serviceinit getService
信息: 传入的版本是：1.0
二月 13, 2021 12:54:14 下午 com.testfan.MavenStudy.apistudy.dubbostudy.Serviceinit getService
信息: 传入的url是：dubbo://192.168.23.135:20880
二月 13, 2021 12:54:14 下午 com.testfan.MavenStudy.apistudy.dubbostudy.Serviceinit getService
信息: 传入的setInterface是：/cn.testfan.dubbo.service.MarketService
]]></system-err>
  </testcase>
  <testcase name="init" classname="com.crm.testcase.AddCustomerTests" time="0">
    <skipped/>
  </testcase>
  <testcase name="test001_AddCustomer" classname="com.crm.testcase.AddCustomerTests" time="0">
    <skipped message="Connect to 192.168.23.135:8090 [/192.168.23.135] failed: Connection timed out: connect"/>
  </testcase>
  <testcase name="test002_AddCustomer" classname="com.crm.testcase.AddCustomerTests" time="0">
    <skipped message="Connect to 192.168.23.135:8090 [/192.168.23.135] failed: Connection timed out: connect"/>
  </testcase>
  <testcase name="test003_AddCustomer" classname="com.crm.testcase.AddCustomerTests" time="0">
    <skipped message="Connect to 192.168.23.135:8090 [/192.168.23.135] failed: Connection timed out: connect"/>
  </testcase>
  <testcase name="test004_AddCustomer" classname="com.crm.testcase.AddCustomerTests" time="0">
    <skipped message="Connect to 192.168.23.135:8090 [/192.168.23.135] failed: Connection timed out: connect"/>
  </testcase>
  <testcase name="afterclass" classname="com.crm.testcase.AddCustomerTests" time="0">
    <skipped/>
  </testcase>
  <testcase name="init" classname="com.crm.testcase.DataDriverTests" time="0">
    <skipped/>
  </testcase>
  <testcase name="Test" classname="com.crm.testcase.DataDriverTests" time="0">
    <skipped message="Connect to 192.168.23.135:8090 [/192.168.23.135] failed: Connection timed out: connect"/>
    <system-out><![CDATA[工作表有几行：4
工作表有几列：7
[crazyapi] 2021/02/13 12:54:15   INFO main com.testfan.MavenStudy.apistudy.utils.ExcelUtil:88 - 读取【crm】的第1行第0列的值是：创建客户-正确 
[crazyapi] 2021/02/13 12:54:15   INFO main com.testfan.MavenStudy.apistudy.utils.ExcelUtil:88 - 读取【crm】的第1行第1列的值是：创建客户 
[crazyapi] 2021/02/13 12:54:15   INFO main com.testfan.MavenStudy.apistudy.utils.ExcelUtil:88 - 读取【crm】的第1行第2列的值是：/CrmCustomer/addOrUpdate 
[crazyapi] 2021/02/13 12:54:15   INFO main com.testfan.MavenStudy.apistudy.utils.ExcelUtil:88 - 读取【crm】的第1行第3列的值是：POST 
[crazyapi] 2021/02/13 12:54:15   INFO main com.testfan.MavenStudy.apistudy.utils.ExcelUtil:88 - 读取【crm】的第1行第4列的值是：{
"Admin-Token":"token"
} 
[crazyapi] 2021/02/13 12:54:15   INFO main com.testfan.MavenStudy.apistudy.utils.ExcelUtil:88 - 读取【crm】的第1行第5列的值是：{
 "entity": {
  "customer_name": "shamo123",
  "mobile": "18991112345",
  "telephone": "01028375678",
  "website": "http://testfan.cn",
  "next_time": "2020-04-02 00:00:00",
  "remark": "这是备注",
  "address": "北京市,北京城区,昌平区",
  "detailAddress": "霍营地铁",
  "location": "",
  "lng": "",
  "lat": ""
 }
} 
[crazyapi] 2021/02/13 12:54:15   INFO main com.testfan.MavenStudy.apistudy.utils.ExcelUtil:88 - 读取【crm】的第1行第6列的值是：{
"code":0
} 
[crazyapi] 2021/02/13 12:54:15   INFO main com.testfan.MavenStudy.apistudy.utils.ExcelUtil:88 - 读取【crm】的第2行第0列的值是：创建客户-客户名称为空 
[crazyapi] 2021/02/13 12:54:15   INFO main com.testfan.MavenStudy.apistudy.utils.ExcelUtil:88 - 读取【crm】的第2行第1列的值是：创建客户 
[crazyapi] 2021/02/13 12:54:15   INFO main com.testfan.MavenStudy.apistudy.utils.ExcelUtil:88 - 读取【crm】的第2行第2列的值是：/CrmCustomer/addOrUpdate 
[crazyapi] 2021/02/13 12:54:15   INFO main com.testfan.MavenStudy.apistudy.utils.ExcelUtil:88 - 读取【crm】的第2行第3列的值是：POST 
[crazyapi] 2021/02/13 12:54:15   INFO main com.testfan.MavenStudy.apistudy.utils.ExcelUtil:88 - 读取【crm】的第2行第4列的值是：{
"Admin-Token":"token"
} 
[crazyapi] 2021/02/13 12:54:15   INFO main com.testfan.MavenStudy.apistudy.utils.ExcelUtil:88 - 读取【crm】的第2行第5列的值是：{
 "entity": {
  "customer_name": "",
  "mobile": "18991112345",
  "telephone": "01028375678",
  "website": "http://testfan.cn",
  "next_time": "2020-04-02 00:00:00",
  "remark": "这是备注",
  "address": "北京市,北京城区,昌平区",
  "detailAddress": "霍营地铁",
  "location": "",
  "lng": "",
  "lat": ""
 }
} 
[crazyapi] 2021/02/13 12:54:15   INFO main com.testfan.MavenStudy.apistudy.utils.ExcelUtil:88 - 读取【crm】的第2行第6列的值是：{
"code":0,
"msg":"客户名称不能为空"
} 
[crazyapi] 2021/02/13 12:54:15   INFO main com.testfan.MavenStudy.apistudy.utils.ExcelUtil:88 - 读取【crm】的第3行第0列的值是：创建联系人-正确 
[crazyapi] 2021/02/13 12:54:15   INFO main com.testfan.MavenStudy.apistudy.utils.ExcelUtil:88 - 读取【crm】的第3行第1列的值是：创建联系人 
[crazyapi] 2021/02/13 12:54:15   INFO main com.testfan.MavenStudy.apistudy.utils.ExcelUtil:88 - 读取【crm】的第3行第2列的值是：/CrmContacts/addOrUpdate 
[crazyapi] 2021/02/13 12:54:15   INFO main com.testfan.MavenStudy.apistudy.utils.ExcelUtil:88 - 读取【crm】的第3行第3列的值是：POST 
[crazyapi] 2021/02/13 12:54:15   INFO main com.testfan.MavenStudy.apistudy.utils.ExcelUtil:88 - 读取【crm】的第3行第4列的值是：{
"Admin-Token":"token"
} 
[crazyapi] 2021/02/13 12:54:15   INFO main com.testfan.MavenStudy.apistudy.utils.ExcelUtil:88 - 读取【crm】的第3行第5列的值是：{
 "entity": {
  "name": "沙漠",
  "customer_id": 5,
  "mobile": "18098909090",
  "telephone": "01023456789",
  "email": "shddhdd@163.com",
  "post": "总经理",
  "address": "北京霍营",
  "next_time": "2020-04-23 16:03:47",
  "remark": "这是备注"
 }
}
 
[crazyapi] 2021/02/13 12:54:15   INFO main com.testfan.MavenStudy.apistudy.utils.ExcelUtil:88 - 读取【crm】的第3行第6列的值是：{
"code":0
} 
[crazyapi] 2021/02/13 12:54:15   INFO main com.testfan.MavenStudy.apistudy.utils.ExcelUtil:88 - 读取【crm】的第4行第0列的值是：创建联系人-客户不存在 
[crazyapi] 2021/02/13 12:54:15   INFO main com.testfan.MavenStudy.apistudy.utils.ExcelUtil:88 - 读取【crm】的第4行第1列的值是：创建联系人 
[crazyapi] 2021/02/13 12:54:15   INFO main com.testfan.MavenStudy.apistudy.utils.ExcelUtil:88 - 读取【crm】的第4行第2列的值是：/CrmContacts/addOrUpdate 
[crazyapi] 2021/02/13 12:54:15   INFO main com.testfan.MavenStudy.apistudy.utils.ExcelUtil:88 - 读取【crm】的第4行第3列的值是：POST 
[crazyapi] 2021/02/13 12:54:15   INFO main com.testfan.MavenStudy.apistudy.utils.ExcelUtil:88 - 读取【crm】的第4行第4列的值是：{
"Admin-Token":"token"
} 
[crazyapi] 2021/02/13 12:54:15   INFO main com.testfan.MavenStudy.apistudy.utils.ExcelUtil:88 - 读取【crm】的第4行第5列的值是：{
 "entity": {
  "name": "沙漠",
  "customer_id": 237466,
  "mobile": "18098909090",
  "telephone": "01023456789",
  "email": "shddhdd@163.com",
  "post": "总经理",
  "address": "北京霍营",
  "next_time": "2020-04-23 16:03:47",
  "remark": "这是备注"
 }
}
 
[crazyapi] 2021/02/13 12:54:15   INFO main com.testfan.MavenStudy.apistudy.utils.ExcelUtil:88 - 读取【crm】的第4行第6列的值是：{
"code":0,
"msg":"客户不存在"
} 
]]></system-out>
  </testcase>
  <testcase name="Test" classname="com.crm.testcase.DataDriverTests" time="0">
    <skipped message="Connect to 192.168.23.135:8090 [/192.168.23.135] failed: Connection timed out: connect"/>
  </testcase>
  <testcase name="Test" classname="com.crm.testcase.DataDriverTests" time="0">
    <skipped message="Connect to 192.168.23.135:8090 [/192.168.23.135] failed: Connection timed out: connect"/>
  </testcase>
  <testcase name="Test" classname="com.crm.testcase.DataDriverTests" time="0">
    <skipped message="Connect to 192.168.23.135:8090 [/192.168.23.135] failed: Connection timed out: connect"/>
  </testcase>
  <testcase name="afterclass" classname="com.crm.testcase.DataDriverTests" time="0">
    <skipped/>
  </testcase>
  <testcase name="init" classname="com.crm.testcase.DeleteCustomerTests" time="0">
    <skipped/>
  </testcase>
  <testcase name="test001_deleCustomer" classname="com.crm.testcase.DeleteCustomerTests" time="0">
    <skipped message="Connect to 192.168.23.135:8090 [/192.168.23.135] failed: Connection timed out: connect"/>
  </testcase>
  <testcase name="test002_deleCustomer" classname="com.crm.testcase.DeleteCustomerTests" time="0">
    <skipped message="Connect to 192.168.23.135:8090 [/192.168.23.135] failed: Connection timed out: connect"/>
  </testcase>
  <testcase name="test003_deleCustomer" classname="com.crm.testcase.DeleteCustomerTests" time="0">
    <skipped message="Connect to 192.168.23.135:8090 [/192.168.23.135] failed: Connection timed out: connect"/>
  </testcase>
  <testcase name="test004_deleCustomer" classname="com.crm.testcase.DeleteCustomerTests" time="0">
    <skipped message="Connect to 192.168.23.135:8090 [/192.168.23.135] failed: Connection timed out: connect"/>
  </testcase>
  <testcase name="afterclass" classname="com.crm.testcase.DeleteCustomerTests" time="0">
    <skipped/>
  </testcase>
  <testcase name="test001_login" classname="com.crm.testcase.LoginTests" time="21.021">
    <failure message="Connect to 192.168.23.135:8090 [/192.168.23.135] failed: Connection timed out: connect" type="org.apache.http.conn.HttpHostConnectException">org.apache.http.conn.HttpHostConnectException: Connect to 192.168.23.135:8090 [/192.168.23.135] failed: Connection timed out: connect
	at com.crm.testcase.LoginTests.test001_login(LoginTests.java:20)
Caused by: java.net.ConnectException: Connection timed out: connect
	at com.crm.testcase.LoginTests.test001_login(LoginTests.java:20)
</failure>
    <system-out><![CDATA[[crazyapi] 2021/02/13 12:54:16   WARN Finalizer com.alibaba.dubbo.config.AbstractConfig:97 -  [DUBBO] ReferenceConfig(dubbo://192.168.23.135:20880) is not DESTROYED when FINALIZE, dubbo version: 2.6.9, current host: 192.168.56.1 
[crazyapi] 2021/02/13 12:54:16   WARN Finalizer com.alibaba.dubbo.config.AbstractConfig:97 -  [DUBBO] ReferenceConfig(dubbo://192.168.23.135:20880) is not DESTROYED when FINALIZE, dubbo version: 2.6.9, current host: 192.168.56.1 
[crazyapi] 2021/02/13 12:54:16   WARN Finalizer com.alibaba.dubbo.config.AbstractConfig:97 -  [DUBBO] ReferenceConfig(dubbo://192.168.23.135:20880) is not DESTROYED when FINALIZE, dubbo version: 2.6.9, current host: 192.168.56.1 
[crazyapi] 2021/02/13 12:54:17   WARN DubboClientReconnectTimer-thread-1 com.alibaba.dubbo.remoting.transport.AbstractClient:178 -  [DUBBO] client reconnect to 192.168.23.135:20880 find error . url: dubbo://192.168.23.135:20880/cn.testfan.dubbo.service.MarketService?application=test&codec=dubbo&dubbo=2.0.2&generic=true&heartbeat=60000&interface=/cn.testfan.dubbo.service.MarketService&pid=8304&register.ip=192.168.56.1&side=consumer&timeout=20000&timestamp=1613192049267&version=1.0, dubbo version: 2.6.9, current host: 192.168.56.1 
com.alibaba.dubbo.remoting.RemotingException: client(url: dubbo://192.168.23.135:20880/cn.testfan.dubbo.service.MarketService?application=test&codec=dubbo&dubbo=2.0.2&generic=true&heartbeat=60000&interface=/cn.testfan.dubbo.service.MarketService&pid=8304&register.ip=192.168.56.1&side=consumer&timeout=20000&timestamp=1613192049267&version=1.0) failed to connect to server /192.168.23.135:20880 client-side timeout 3000ms (elapsed: 3005ms) from netty client 192.168.56.1 using dubbo version 2.6.9
	at com.alibaba.dubbo.remoting.transport.netty4.NettyClient.doConnect(NettyClient.java:132)
	at com.alibaba.dubbo.remoting.transport.AbstractClient.connect(AbstractClient.java:282)
	at com.alibaba.dubbo.remoting.transport.AbstractClient$1.run(AbstractClient.java:163)
	at java.util.concurrent.Executors$RunnableAdapter.call(Executors.java:511)
	at java.util.concurrent.FutureTask.runAndReset(FutureTask.java:308)
	at java.util.concurrent.ScheduledThreadPoolExecutor$ScheduledFutureTask.access$301(ScheduledThreadPoolExecutor.java:180)
	at java.util.concurrent.ScheduledThreadPoolExecutor$ScheduledFutureTask.run(ScheduledThreadPoolExecutor.java:294)
	at java.util.concurrent.ThreadPoolExecutor.runWorker(ThreadPoolExecutor.java:1142)
	at java.util.concurrent.ThreadPoolExecutor$Worker.run(ThreadPoolExecutor.java:617)
	at java.lang.Thread.run(Thread.java:745)
]]></system-out>
    <system-err><![CDATA[二月 13, 2021 12:54:15 下午 com.testfan.MavenStudy.apistudy.common.MyHttpMethod PostForm
信息: url:http://192.168.23.135:8090/login
二月 13, 2021 12:54:15 下午 com.testfan.MavenStudy.apistudy.common.MyHttpMethod PostForm
信息: 参数：password=123456
二月 13, 2021 12:54:15 下午 com.testfan.MavenStudy.apistudy.common.MyHttpMethod PostForm
信息: 参数：username=admin
]]></system-err>
  </testcase>
  <testcase name="shouldAnswerWithTrue on shouldAnswerWithTrue(org.example.AppTest)" classname="org.example.AppTest" time="21.404"/>
</testsuite>