<?xml version="1.0" encoding="UTF-8"?>
<testng-results skipped="0" failed="0" ignored="4" total="5" passed="1">
  <reporter-output>
  </reporter-output>
  <suite name="Default Suite" duration-ms="68" started-at="2020-12-16T13:02:54Z" finished-at="2020-12-16T13:02:54Z">
    <groups>
      <group name="login">
        <method signature="LoginTest.loginCorrect()[pri:0, instance:com.testfan.testngstudy.LoginTest@48140564]" name="loginCorrect" class="com.testfan.testngstudy.LoginTest"/>
      </group> <!-- login -->
    </groups>
    <test name="maven_project" duration-ms="68" started-at="2020-12-16T13:02:54Z" finished-at="2020-12-16T13:02:54Z">
      <class name="com.testfan.testngstudy.LoginTest">
        <test-method status="PASS" signature="loginCorrect()[pri:0, instance:com.testfan.testngstudy.LoginTest@48140564]" name="loginCorrect" duration-ms="23" started-at="2020-12-16T13:02:54Z" finished-at="2020-12-16T13:02:54Z">
          <reporter-output>
          </reporter-output>
        </test-method> <!-- loginCorrect -->
      </class> <!-- com.testfan.testngstudy.LoginTest -->
    </test> <!-- maven_project -->
  </suite> <!-- Default Suite -->
</testng-results>
